[0.006s] Invoking command in '/home/ubuntu/ros2_wsCAN/build/can_comm': CMAKE_PREFIX_PATH=${CMAKE_PREFIX_PATH}:/home/ubuntu/ros2_ws/install/my_robot_controller:/opt/ros/humble /usr/bin/cmake --build /home/ubuntu/ros2_wsCAN/build/can_comm -- -j5 -l5
[0.022s] [35m[1mConsolidate compiler generated dependencies of target run_comm_node[0m
[0.032s] [100%] Built target run_comm_node
[0.037s] Invoked command in '/home/ubuntu/ros2_wsCAN/build/can_comm' returned '0': CMAKE_PREFIX_PATH=${CMAKE_PREFIX_PATH}:/home/ubuntu/ros2_ws/install/my_robot_controller:/opt/ros/humble /usr/bin/cmake --build /home/ubuntu/ros2_wsCAN/build/can_comm -- -j5 -l5
[0.049s] Invoking command in '/home/ubuntu/ros2_wsCAN/build/can_comm': CMAKE_PREFIX_PATH=${CMAKE_PREFIX_PATH}:/home/ubuntu/ros2_ws/install/my_robot_controller:/opt/ros/humble /usr/bin/cmake --install /home/ubuntu/ros2_wsCAN/build/can_comm
[0.051s] -- Install configuration: ""
[0.051s] -- Up-to-date: /home/ubuntu/ros2_wsCAN/install/can_comm/lib/can_comm/run_comm_node
[0.051s] -- Up-to-date: /home/ubuntu/ros2_wsCAN/install/can_comm/share/ament_index/resource_index/package_run_dependencies/can_comm
[0.052s] -- Up-to-date: /home/ubuntu/ros2_wsCAN/install/can_comm/share/ament_index/resource_index/parent_prefix_path/can_comm
[0.052s] -- Up-to-date: /home/ubuntu/ros2_wsCAN/install/can_comm/share/can_comm/environment/ament_prefix_path.sh
[0.052s] -- Up-to-date: /home/ubuntu/ros2_wsCAN/install/can_comm/share/can_comm/environment/ament_prefix_path.dsv
[0.052s] -- Up-to-date: /home/ubuntu/ros2_wsCAN/install/can_comm/share/can_comm/environment/path.sh
[0.052s] -- Up-to-date: /home/ubuntu/ros2_wsCAN/install/can_comm/share/can_comm/environment/path.dsv
[0.052s] -- Up-to-date: /home/ubuntu/ros2_wsCAN/install/can_comm/share/can_comm/local_setup.bash
[0.052s] -- Up-to-date: /home/ubuntu/ros2_wsCAN/install/can_comm/share/can_comm/local_setup.sh
[0.052s] -- Up-to-date: /home/ubuntu/ros2_wsCAN/install/can_comm/share/can_comm/local_setup.zsh
[0.052s] -- Up-to-date: /home/ubuntu/ros2_wsCAN/install/can_comm/share/can_comm/local_setup.dsv
[0.052s] -- Installing: /home/ubuntu/ros2_wsCAN/install/can_comm/share/can_comm/package.dsv
[0.052s] -- Up-to-date: /home/ubuntu/ros2_wsCAN/install/can_comm/share/ament_index/resource_index/packages/can_comm
[0.052s] -- Up-to-date: /home/ubuntu/ros2_wsCAN/install/can_comm/share/can_comm/cmake/can_commConfig.cmake
[0.053s] -- Up-to-date: /home/ubuntu/ros2_wsCAN/install/can_comm/share/can_comm/cmake/can_commConfig-version.cmake
[0.053s] -- Up-to-date: /home/ubuntu/ros2_wsCAN/install/can_comm/share/can_comm/package.xml
[0.053s] Invoked command in '/home/ubuntu/ros2_wsCAN/build/can_comm' returned '0': CMAKE_PREFIX_PATH=${CMAKE_PREFIX_PATH}:/home/ubuntu/ros2_ws/install/my_robot_controller:/opt/ros/humble /usr/bin/cmake --install /home/ubuntu/ros2_wsCAN/build/can_comm
