[0.006s] Invoking command in '/home/ubuntu/ros2_wsCAN/build/can_comm': CMAKE_PREFIX_PATH=/home/ubuntu/ros2_ws/install/my_robot_controller:/opt/ros/humble /usr/bin/cmake --build /home/ubuntu/ros2_wsCAN/build/can_comm -- -j5 -l5
[0.015s] -- Found ament_cmake: 1.3.10 (/opt/ros/humble/share/ament_cmake/cmake)
[0.070s] -- Found rclcpp: 16.0.10 (/opt/ros/humble/share/rclcpp/cmake)
[0.099s] -- Found rosidl_generator_c: 3.1.5 (/opt/ros/humble/share/rosidl_generator_c/cmake)
[0.103s] -- Found rosidl_adapter: 3.1.5 (/opt/ros/humble/share/rosidl_adapter/cmake)
[0.109s] -- Found rosidl_generator_cpp: 3.1.5 (/opt/ros/humble/share/rosidl_generator_cpp/cmake)
[0.120s] -- Using all available rosidl_typesupport_c: rosidl_typesupport_fastrtps_c;rosidl_typesupport_introspection_c
[0.133s] -- Using all available rosidl_typesupport_cpp: rosidl_typesupport_fastrtps_cpp;rosidl_typesupport_introspection_cpp
[0.162s] -- Found rmw_implementation_cmake: 6.1.2 (/opt/ros/humble/share/rmw_implementation_cmake/cmake)
[0.164s] -- Found rmw_fastrtps_cpp: 6.2.7 (/opt/ros/humble/share/rmw_fastrtps_cpp/cmake)
[0.205s] -- Found OpenSSL: /usr/lib/aarch64-linux-gnu/libcrypto.so (found version "3.0.2")  
[0.218s] -- Found FastRTPS: /opt/ros/humble/include  
[0.238s] -- Using RMW implementation 'rmw_fastrtps_cpp' as default
[0.244s] -- Looking for pthread.h
[0.276s] -- Looking for pthread.h - found
[0.276s] -- Performing Test CMAKE_HAVE_LIBC_PTHREAD
[0.307s] -- Performing Test CMAKE_HAVE_LIBC_PTHREAD - Success
[0.307s] -- Found Threads: TRUE  
[0.344s] -- Found ament_lint_auto: 0.12.11 (/opt/ros/humble/share/ament_lint_auto/cmake)
[0.372s] -- Added test 'cppcheck' to perform static code analysis on C / C++ code
[0.372s] -- Configured cppcheck include dirs: /home/ubuntu/ros2_wsCAN/src/can_comm/include
[0.372s] -- Configured cppcheck exclude dirs and/or files: 
[0.372s] -- Added test 'lint_cmake' to check CMake code style
[0.372s] -- Added test 'uncrustify' to check C / C++ code style
[0.372s] -- Configured uncrustify additional arguments: 
[0.373s] -- Added test 'xmllint' to check XML markup files
[0.373s] -- Configuring done
[0.377s] -- Generating done
[0.379s] -- Build files have been written to: /home/ubuntu/ros2_wsCAN/build/can_comm
[0.391s] [ 50%] [32mBuilding CXX object CMakeFiles/run_comm_node.dir/src/can_comm.cpp.o[0m
[1.464s] [100%] [32m[1mLinking CXX executable run_comm_node[0m
[1.505s] [100%] Built target run_comm_node
[1.509s] Invoked command in '/home/ubuntu/ros2_wsCAN/build/can_comm' returned '0': CMAKE_PREFIX_PATH=/home/ubuntu/ros2_ws/install/my_robot_controller:/opt/ros/humble /usr/bin/cmake --build /home/ubuntu/ros2_wsCAN/build/can_comm -- -j5 -l5
[1.521s] Invoking command in '/home/ubuntu/ros2_wsCAN/build/can_comm': CMAKE_PREFIX_PATH=/home/ubuntu/ros2_ws/install/my_robot_controller:/opt/ros/humble /usr/bin/cmake --install /home/ubuntu/ros2_wsCAN/build/can_comm
[1.523s] -- Install configuration: ""
[1.523s] -- Installing: /home/ubuntu/ros2_wsCAN/install/can_comm/lib/can_comm/run_comm_node
[1.523s] -- Set runtime path of "/home/ubuntu/ros2_wsCAN/install/can_comm/lib/can_comm/run_comm_node" to ""
[1.523s] -- Installing: /home/ubuntu/ros2_wsCAN/install/can_comm/share/ament_index/resource_index/package_run_dependencies/can_comm
[1.523s] -- Up-to-date: /home/ubuntu/ros2_wsCAN/install/can_comm/share/ament_index/resource_index/parent_prefix_path/can_comm
[1.524s] -- Up-to-date: /home/ubuntu/ros2_wsCAN/install/can_comm/share/can_comm/environment/ament_prefix_path.sh
[1.524s] -- Installing: /home/ubuntu/ros2_wsCAN/install/can_comm/share/can_comm/environment/ament_prefix_path.dsv
[1.524s] -- Up-to-date: /home/ubuntu/ros2_wsCAN/install/can_comm/share/can_comm/environment/path.sh
[1.524s] -- Installing: /home/ubuntu/ros2_wsCAN/install/can_comm/share/can_comm/environment/path.dsv
[1.524s] -- Up-to-date: /home/ubuntu/ros2_wsCAN/install/can_comm/share/can_comm/local_setup.bash
[1.524s] -- Up-to-date: /home/ubuntu/ros2_wsCAN/install/can_comm/share/can_comm/local_setup.sh
[1.524s] -- Up-to-date: /home/ubuntu/ros2_wsCAN/install/can_comm/share/can_comm/local_setup.zsh
[1.524s] -- Installing: /home/ubuntu/ros2_wsCAN/install/can_comm/share/can_comm/local_setup.dsv
[1.524s] -- Installing: /home/ubuntu/ros2_wsCAN/install/can_comm/share/can_comm/package.dsv
[1.524s] -- Up-to-date: /home/ubuntu/ros2_wsCAN/install/can_comm/share/ament_index/resource_index/packages/can_comm
[1.525s] -- Up-to-date: /home/ubuntu/ros2_wsCAN/install/can_comm/share/can_comm/cmake/can_commConfig.cmake
[1.525s] -- Up-to-date: /home/ubuntu/ros2_wsCAN/install/can_comm/share/can_comm/cmake/can_commConfig-version.cmake
[1.525s] -- Installing: /home/ubuntu/ros2_wsCAN/install/can_comm/share/can_comm/package.xml
[1.526s] Invoked command in '/home/ubuntu/ros2_wsCAN/build/can_comm' returned '0': CMAKE_PREFIX_PATH=/home/ubuntu/ros2_ws/install/my_robot_controller:/opt/ros/humble /usr/bin/cmake --install /home/ubuntu/ros2_wsCAN/build/can_comm
