[0.043s] DEBUG:colcon:Command line arguments: ['/usr/bin/colcon', 'build']
[0.043s] DEBUG:colcon:Parsed command line arguments: Namespace(log_base=None, log_level=None, verb_name='build', build_base='build', install_base='install', merge_install=False, symlink_install=False, test_result_base=None, continue_on_error=False, executor='parallel', parallel_workers=5, event_handlers=None, ignore_user_meta=False, metas=['./colcon.meta'], base_paths=['.'], packages_ignore=None, packages_ignore_regex=None, paths=None, packages_up_to=None, packages_up_to_regex=None, packages_above=None, packages_above_and_dependencies=None, packages_above_depth=None, packages_select_by_dep=None, packages_skip_by_dep=None, packages_skip_up_to=None, packages_select_build_failed=False, packages_skip_build_finished=False, packages_select_test_failures=False, packages_skip_test_passed=False, packages_select=None, packages_skip=None, packages_select_regex=None, packages_skip_regex=None, packages_start=None, packages_end=None, allow_overriding=[], cmake_args=None, cmake_target=None, cmake_target_skip_unavailable=False, cmake_clean_cache=False, cmake_clean_first=False, cmake_force_configure=False, ament_cmake_args=None, catkin_cmake_args=None, catkin_skip_building_tests=False, verb_parser=<colcon_defaults.argument_parser.defaults.DefaultArgumentsDecorator object at 0xffffa43d0490>, verb_extension=<colcon_core.verb.build.BuildVerb object at 0xffffa439be80>, main=<bound method BuildVerb.main of <colcon_core.verb.build.BuildVerb object at 0xffffa439be80>>)
[0.098s] Level 1:colcon.colcon_core.package_discovery:discover_packages(colcon_meta) check parameters
[0.098s] Level 1:colcon.colcon_core.package_discovery:discover_packages(recursive) check parameters
[0.099s] Level 1:colcon.colcon_core.package_discovery:discover_packages(ignore) check parameters
[0.099s] Level 1:colcon.colcon_core.package_discovery:discover_packages(path) check parameters
[0.099s] Level 1:colcon.colcon_core.package_discovery:discover_packages(colcon_meta) discover
[0.099s] Level 1:colcon.colcon_core.package_discovery:discover_packages(recursive) discover
[0.099s] INFO:colcon.colcon_core.package_discovery:Crawling recursively for packages in '/home/ubuntu/ros2_wsCAN'
[0.099s] Level 1:colcon.colcon_core.package_identification:_identify(.) by extensions ['ignore', 'ignore_ament_install']
[0.099s] Level 1:colcon.colcon_core.package_identification:_identify(.) by extension 'ignore'
[0.099s] Level 1:colcon.colcon_core.package_identification:_identify(.) by extension 'ignore_ament_install'
[0.099s] Level 1:colcon.colcon_core.package_identification:_identify(.) by extensions ['colcon_pkg']
[0.099s] Level 1:colcon.colcon_core.package_identification:_identify(.) by extension 'colcon_pkg'
[0.099s] Level 1:colcon.colcon_core.package_identification:_identify(.) by extensions ['colcon_meta']
[0.099s] Level 1:colcon.colcon_core.package_identification:_identify(.) by extension 'colcon_meta'
[0.099s] Level 1:colcon.colcon_core.package_identification:_identify(.) by extensions ['ros']
[0.099s] Level 1:colcon.colcon_core.package_identification:_identify(.) by extension 'ros'
[0.104s] Level 1:colcon.colcon_core.package_identification:_identify(.) by extensions ['cmake', 'python']
[0.104s] Level 1:colcon.colcon_core.package_identification:_identify(.) by extension 'cmake'
[0.104s] Level 1:colcon.colcon_core.package_identification:_identify(.) by extension 'python'
[0.104s] Level 1:colcon.colcon_core.package_identification:_identify(.) by extensions ['python_setup_py']
[0.104s] Level 1:colcon.colcon_core.package_identification:_identify(.) by extension 'python_setup_py'
[0.104s] Level 1:colcon.colcon_core.package_identification:_identify(build) by extensions ['ignore', 'ignore_ament_install']
[0.104s] Level 1:colcon.colcon_core.package_identification:_identify(build) by extension 'ignore'
[0.104s] Level 1:colcon.colcon_core.package_identification:_identify(build) ignored
[0.104s] Level 1:colcon.colcon_core.package_identification:_identify(install) by extensions ['ignore', 'ignore_ament_install']
[0.104s] Level 1:colcon.colcon_core.package_identification:_identify(install) by extension 'ignore'
[0.104s] Level 1:colcon.colcon_core.package_identification:_identify(install) ignored
[0.105s] Level 1:colcon.colcon_core.package_identification:_identify(log) by extensions ['ignore', 'ignore_ament_install']
[0.105s] Level 1:colcon.colcon_core.package_identification:_identify(log) by extension 'ignore'
[0.105s] Level 1:colcon.colcon_core.package_identification:_identify(log) ignored
[0.105s] Level 1:colcon.colcon_core.package_identification:_identify(src) by extensions ['ignore', 'ignore_ament_install']
[0.105s] Level 1:colcon.colcon_core.package_identification:_identify(src) by extension 'ignore'
[0.105s] Level 1:colcon.colcon_core.package_identification:_identify(src) by extension 'ignore_ament_install'
[0.105s] Level 1:colcon.colcon_core.package_identification:_identify(src) by extensions ['colcon_pkg']
[0.105s] Level 1:colcon.colcon_core.package_identification:_identify(src) by extension 'colcon_pkg'
[0.105s] Level 1:colcon.colcon_core.package_identification:_identify(src) by extensions ['colcon_meta']
[0.105s] Level 1:colcon.colcon_core.package_identification:_identify(src) by extension 'colcon_meta'
[0.105s] Level 1:colcon.colcon_core.package_identification:_identify(src) by extensions ['ros']
[0.105s] Level 1:colcon.colcon_core.package_identification:_identify(src) by extension 'ros'
[0.105s] Level 1:colcon.colcon_core.package_identification:_identify(src) by extensions ['cmake', 'python']
[0.105s] Level 1:colcon.colcon_core.package_identification:_identify(src) by extension 'cmake'
[0.105s] Level 1:colcon.colcon_core.package_identification:_identify(src) by extension 'python'
[0.105s] Level 1:colcon.colcon_core.package_identification:_identify(src) by extensions ['python_setup_py']
[0.105s] Level 1:colcon.colcon_core.package_identification:_identify(src) by extension 'python_setup_py'
[0.105s] Level 1:colcon.colcon_core.package_identification:_identify(src/can_comm) by extensions ['ignore', 'ignore_ament_install']
[0.105s] Level 1:colcon.colcon_core.package_identification:_identify(src/can_comm) by extension 'ignore'
[0.105s] Level 1:colcon.colcon_core.package_identification:_identify(src/can_comm) by extension 'ignore_ament_install'
[0.105s] Level 1:colcon.colcon_core.package_identification:_identify(src/can_comm) by extensions ['colcon_pkg']
[0.105s] Level 1:colcon.colcon_core.package_identification:_identify(src/can_comm) by extension 'colcon_pkg'
[0.105s] Level 1:colcon.colcon_core.package_identification:_identify(src/can_comm) by extensions ['colcon_meta']
[0.106s] Level 1:colcon.colcon_core.package_identification:_identify(src/can_comm) by extension 'colcon_meta'
[0.106s] Level 1:colcon.colcon_core.package_identification:_identify(src/can_comm) by extensions ['ros']
[0.106s] Level 1:colcon.colcon_core.package_identification:_identify(src/can_comm) by extension 'ros'
[0.107s] DEBUG:colcon.colcon_core.package_identification:Package 'src/can_comm' with type 'ros.ament_cmake' and name 'can_comm'
[0.107s] Level 1:colcon.colcon_core.package_discovery:discover_packages(recursive) using defaults
[0.107s] Level 1:colcon.colcon_core.package_discovery:discover_packages(ignore) discover
[0.107s] Level 1:colcon.colcon_core.package_discovery:discover_packages(ignore) using defaults
[0.107s] Level 1:colcon.colcon_core.package_discovery:discover_packages(path) discover
[0.107s] Level 1:colcon.colcon_core.package_discovery:discover_packages(path) using defaults
[0.114s] Level 1:colcon.colcon_core.package_discovery:discover_packages(prefix_path) check parameters
[0.114s] Level 1:colcon.colcon_core.package_discovery:discover_packages(prefix_path) discover
[0.115s] DEBUG:colcon.colcon_installed_package_information.package_discovery:Found 1 installed packages in /home/ubuntu/ros2_wsCAN/install
[0.115s] DEBUG:colcon.colcon_installed_package_information.package_discovery:Found 1 installed packages in /home/ubuntu/ros2_ws/install
[0.115s] DEBUG:colcon.colcon_installed_package_information.package_discovery:Found 308 installed packages in /opt/ros/humble
[0.116s] Level 1:colcon.colcon_core.package_discovery:discover_packages(prefix_path) using defaults
[0.136s] Level 5:colcon.colcon_core.verb:set package 'can_comm' build argument 'cmake_args' from command line to 'None'
[0.136s] Level 5:colcon.colcon_core.verb:set package 'can_comm' build argument 'cmake_target' from command line to 'None'
[0.136s] Level 5:colcon.colcon_core.verb:set package 'can_comm' build argument 'cmake_target_skip_unavailable' from command line to 'False'
[0.137s] Level 5:colcon.colcon_core.verb:set package 'can_comm' build argument 'cmake_clean_cache' from command line to 'False'
[0.137s] Level 5:colcon.colcon_core.verb:set package 'can_comm' build argument 'cmake_clean_first' from command line to 'False'
[0.137s] Level 5:colcon.colcon_core.verb:set package 'can_comm' build argument 'cmake_force_configure' from command line to 'False'
[0.137s] Level 5:colcon.colcon_core.verb:set package 'can_comm' build argument 'ament_cmake_args' from command line to 'None'
[0.137s] Level 5:colcon.colcon_core.verb:set package 'can_comm' build argument 'catkin_cmake_args' from command line to 'None'
[0.137s] Level 5:colcon.colcon_core.verb:set package 'can_comm' build argument 'catkin_skip_building_tests' from command line to 'False'
[0.137s] DEBUG:colcon.colcon_core.verb:Building package 'can_comm' with the following arguments: {'ament_cmake_args': None, 'build_base': '/home/ubuntu/ros2_wsCAN/build/can_comm', 'catkin_cmake_args': None, 'catkin_skip_building_tests': False, 'cmake_args': None, 'cmake_clean_cache': False, 'cmake_clean_first': False, 'cmake_force_configure': False, 'cmake_target': None, 'cmake_target_skip_unavailable': False, 'install_base': '/home/ubuntu/ros2_wsCAN/install/can_comm', 'merge_install': False, 'path': '/home/ubuntu/ros2_wsCAN/src/can_comm', 'symlink_install': False, 'test_result_base': None}
[0.137s] INFO:colcon.colcon_core.executor:Executing jobs using 'parallel' executor
[0.137s] DEBUG:colcon.colcon_parallel_executor.executor.parallel:run_until_complete
[0.137s] INFO:colcon.colcon_ros.task.ament_cmake.build:Building ROS package in '/home/ubuntu/ros2_wsCAN/src/can_comm' with build type 'ament_cmake'
[0.138s] INFO:colcon.colcon_cmake.task.cmake.build:Building CMake package in '/home/ubuntu/ros2_wsCAN/src/can_comm'
[0.139s] INFO:colcon.colcon_core.plugin_system:Skipping extension 'colcon_core.shell.bat': Not used on non-Windows systems
[0.139s] INFO:colcon.colcon_core.shell:Skip shell extension 'powershell' for command environment: Not usable outside of PowerShell
[0.139s] DEBUG:colcon.colcon_core.shell:Skip shell extension 'dsv' for command environment
[0.144s] DEBUG:colcon.colcon_core.event_handler.log_command:Invoking command in '/home/ubuntu/ros2_wsCAN/build/can_comm': CMAKE_PREFIX_PATH=${CMAKE_PREFIX_PATH}:/home/ubuntu/ros2_ws/install/my_robot_controller:/opt/ros/humble /usr/bin/cmake --build /home/ubuntu/ros2_wsCAN/build/can_comm -- -j5 -l5
[0.175s] DEBUG:colcon.colcon_core.event_handler.log_command:Invoked command in '/home/ubuntu/ros2_wsCAN/build/can_comm' returned '0': CMAKE_PREFIX_PATH=${CMAKE_PREFIX_PATH}:/home/ubuntu/ros2_ws/install/my_robot_controller:/opt/ros/humble /usr/bin/cmake --build /home/ubuntu/ros2_wsCAN/build/can_comm -- -j5 -l5
[0.187s] DEBUG:colcon.colcon_core.event_handler.log_command:Invoking command in '/home/ubuntu/ros2_wsCAN/build/can_comm': CMAKE_PREFIX_PATH=${CMAKE_PREFIX_PATH}:/home/ubuntu/ros2_ws/install/my_robot_controller:/opt/ros/humble /usr/bin/cmake --install /home/ubuntu/ros2_wsCAN/build/can_comm
[0.191s] Level 1:colcon.colcon_core.environment:create_environment_scripts_only(can_comm)
[0.191s] DEBUG:colcon.colcon_core.event_handler.log_command:Invoked command in '/home/ubuntu/ros2_wsCAN/build/can_comm' returned '0': CMAKE_PREFIX_PATH=${CMAKE_PREFIX_PATH}:/home/ubuntu/ros2_ws/install/my_robot_controller:/opt/ros/humble /usr/bin/cmake --install /home/ubuntu/ros2_wsCAN/build/can_comm
[0.192s] Level 1:colcon.colcon_core.environment:checking '/home/ubuntu/ros2_wsCAN/install/can_comm' for CMake module files
[0.192s] Level 1:colcon.colcon_core.environment:checking '/home/ubuntu/ros2_wsCAN/install/can_comm' for CMake config files
[0.192s] Level 1:colcon.colcon_core.shell:create_environment_hook('can_comm', 'cmake_prefix_path')
[0.192s] INFO:colcon.colcon_core.shell:Creating environment hook '/home/ubuntu/ros2_wsCAN/install/can_comm/share/can_comm/hook/cmake_prefix_path.ps1'
[0.193s] INFO:colcon.colcon_core.shell:Creating environment descriptor '/home/ubuntu/ros2_wsCAN/install/can_comm/share/can_comm/hook/cmake_prefix_path.dsv'
[0.193s] INFO:colcon.colcon_core.shell:Creating environment hook '/home/ubuntu/ros2_wsCAN/install/can_comm/share/can_comm/hook/cmake_prefix_path.sh'
[0.193s] Level 1:colcon.colcon_core.environment:checking '/home/ubuntu/ros2_wsCAN/install/can_comm/lib'
[0.194s] Level 1:colcon.colcon_core.environment:checking '/home/ubuntu/ros2_wsCAN/install/can_comm/bin'
[0.194s] Level 1:colcon.colcon_core.environment:checking '/home/ubuntu/ros2_wsCAN/install/can_comm/lib/pkgconfig/can_comm.pc'
[0.194s] Level 1:colcon.colcon_core.environment:checking '/home/ubuntu/ros2_wsCAN/install/can_comm/lib/python3.10/site-packages'
[0.194s] Level 1:colcon.colcon_core.environment:checking '/home/ubuntu/ros2_wsCAN/install/can_comm/bin'
[0.194s] INFO:colcon.colcon_core.shell:Creating package script '/home/ubuntu/ros2_wsCAN/install/can_comm/share/can_comm/package.ps1'
[0.194s] INFO:colcon.colcon_core.shell:Creating package descriptor '/home/ubuntu/ros2_wsCAN/install/can_comm/share/can_comm/package.dsv'
[0.195s] INFO:colcon.colcon_core.shell:Creating package script '/home/ubuntu/ros2_wsCAN/install/can_comm/share/can_comm/package.sh'
[0.195s] INFO:colcon.colcon_core.shell:Creating package script '/home/ubuntu/ros2_wsCAN/install/can_comm/share/can_comm/package.bash'
[0.195s] INFO:colcon.colcon_core.shell:Creating package script '/home/ubuntu/ros2_wsCAN/install/can_comm/share/can_comm/package.zsh'
[0.196s] Level 1:colcon.colcon_core.environment:create_file_with_runtime_dependencies(/home/ubuntu/ros2_wsCAN/install/can_comm/share/colcon-core/packages/can_comm)
[0.204s] Level 1:colcon.colcon_core.environment:create_environment_scripts_only(can_comm)
[0.204s] Level 1:colcon.colcon_core.environment:checking '/home/ubuntu/ros2_wsCAN/install/can_comm' for CMake module files
[0.204s] Level 1:colcon.colcon_core.environment:checking '/home/ubuntu/ros2_wsCAN/install/can_comm' for CMake config files
[0.204s] Level 1:colcon.colcon_core.shell:create_environment_hook('can_comm', 'cmake_prefix_path')
[0.204s] INFO:colcon.colcon_core.shell:Creating environment hook '/home/ubuntu/ros2_wsCAN/install/can_comm/share/can_comm/hook/cmake_prefix_path.ps1'
[0.205s] INFO:colcon.colcon_core.shell:Creating environment descriptor '/home/ubuntu/ros2_wsCAN/install/can_comm/share/can_comm/hook/cmake_prefix_path.dsv'
[0.205s] INFO:colcon.colcon_core.shell:Creating environment hook '/home/ubuntu/ros2_wsCAN/install/can_comm/share/can_comm/hook/cmake_prefix_path.sh'
[0.205s] Level 1:colcon.colcon_core.environment:checking '/home/ubuntu/ros2_wsCAN/install/can_comm/lib'
[0.205s] Level 1:colcon.colcon_core.environment:checking '/home/ubuntu/ros2_wsCAN/install/can_comm/bin'
[0.205s] Level 1:colcon.colcon_core.environment:checking '/home/ubuntu/ros2_wsCAN/install/can_comm/lib/pkgconfig/can_comm.pc'
[0.205s] Level 1:colcon.colcon_core.environment:checking '/home/ubuntu/ros2_wsCAN/install/can_comm/lib/python3.10/site-packages'
[0.206s] Level 1:colcon.colcon_core.environment:checking '/home/ubuntu/ros2_wsCAN/install/can_comm/bin'
[0.206s] INFO:colcon.colcon_core.shell:Creating package script '/home/ubuntu/ros2_wsCAN/install/can_comm/share/can_comm/package.ps1'
[0.206s] INFO:colcon.colcon_core.shell:Creating package descriptor '/home/ubuntu/ros2_wsCAN/install/can_comm/share/can_comm/package.dsv'
[0.206s] INFO:colcon.colcon_core.shell:Creating package script '/home/ubuntu/ros2_wsCAN/install/can_comm/share/can_comm/package.sh'
[0.206s] INFO:colcon.colcon_core.shell:Creating package script '/home/ubuntu/ros2_wsCAN/install/can_comm/share/can_comm/package.bash'
[0.207s] INFO:colcon.colcon_core.shell:Creating package script '/home/ubuntu/ros2_wsCAN/install/can_comm/share/can_comm/package.zsh'
[0.207s] Level 1:colcon.colcon_core.environment:create_file_with_runtime_dependencies(/home/ubuntu/ros2_wsCAN/install/can_comm/share/colcon-core/packages/can_comm)
[0.207s] DEBUG:colcon.colcon_parallel_executor.executor.parallel:closing loop
[0.207s] DEBUG:colcon.colcon_parallel_executor.executor.parallel:loop closed
[0.207s] DEBUG:colcon.colcon_parallel_executor.executor.parallel:run_until_complete finished with '0'
[0.207s] DEBUG:colcon.colcon_core.event_reactor:joining thread
[0.209s] INFO:colcon.colcon_core.plugin_system:Skipping extension 'colcon_notification.desktop_notification.terminal_notifier': Not used on non-Darwin systems
[0.209s] INFO:colcon.colcon_core.plugin_system:Skipping extension 'colcon_notification.desktop_notification.win32': Not used on non-Windows systems
[0.209s] INFO:colcon.colcon_notification.desktop_notification:Sending desktop notification using 'notify2'
[0.213s] DEBUG:colcon.colcon_core.event_reactor:joined thread
[0.214s] INFO:colcon.colcon_core.shell:Creating prefix script '/home/ubuntu/ros2_wsCAN/install/local_setup.ps1'
[0.214s] INFO:colcon.colcon_core.shell:Creating prefix util module '/home/ubuntu/ros2_wsCAN/install/_local_setup_util_ps1.py'
[0.215s] INFO:colcon.colcon_core.shell:Creating prefix chain script '/home/ubuntu/ros2_wsCAN/install/setup.ps1'
[0.215s] INFO:colcon.colcon_core.shell:Creating prefix script '/home/ubuntu/ros2_wsCAN/install/local_setup.sh'
[0.215s] INFO:colcon.colcon_core.shell:Creating prefix util module '/home/ubuntu/ros2_wsCAN/install/_local_setup_util_sh.py'
[0.216s] INFO:colcon.colcon_core.shell:Creating prefix chain script '/home/ubuntu/ros2_wsCAN/install/setup.sh'
[0.216s] INFO:colcon.colcon_core.shell:Creating prefix script '/home/ubuntu/ros2_wsCAN/install/local_setup.bash'
[0.216s] INFO:colcon.colcon_core.shell:Creating prefix chain script '/home/ubuntu/ros2_wsCAN/install/setup.bash'
[0.217s] INFO:colcon.colcon_core.shell:Creating prefix script '/home/ubuntu/ros2_wsCAN/install/local_setup.zsh'
[0.217s] INFO:colcon.colcon_core.shell:Creating prefix chain script '/home/ubuntu/ros2_wsCAN/install/setup.zsh'
