-- The C compiler identification is GNU 11.4.0
-- The CXX compiler identification is GNU 11.4.0
-- Detecting C compiler ABI info
-- Detecting C compiler ABI info - done
-- Check for working C compiler: /usr/bin/cc - skipped
-- Detecting C compile features
-- Detecting C compile features - done
-- Detecting CXX compiler ABI info
-- Detecting CXX compiler ABI info - done
-- Check for working CXX compiler: /usr/bin/c++ - skipped
-- Detecting CXX compile features
-- Detecting CXX compile features - done
-- Found ament_cmake: 1.3.10 (/opt/ros/humble/share/ament_cmake/cmake)
-- Found Python3: /usr/bin/python3 (found version "3.10.12") found components: Interpreter 
-- Found ament_lint_auto: 0.12.11 (/opt/ros/humble/share/ament_lint_auto/cmake)
-- Added test 'lint_cmake' to check CMake code style
-- Added test 'xmllint' to check XML markup files
-- Configuring done
-- Generating done
-- Build files have been written to: /home/ubuntu/ros2_wsCAN/build/can_comm
-- Install configuration: ""
-- Installing: /home/ubuntu/ros2_wsCAN/install/can_comm/share/ament_index/resource_index/package_run_dependencies/can_comm
-- Installing: /home/ubuntu/ros2_wsCAN/install/can_comm/share/ament_index/resource_index/parent_prefix_path/can_comm
-- Installing: /home/ubuntu/ros2_wsCAN/install/can_comm/share/can_comm/environment/ament_prefix_path.sh
-- Installing: /home/ubuntu/ros2_wsCAN/install/can_comm/share/can_comm/environment/ament_prefix_path.dsv
-- Installing: /home/ubuntu/ros2_wsCAN/install/can_comm/share/can_comm/environment/path.sh
-- Installing: /home/ubuntu/ros2_wsCAN/install/can_comm/share/can_comm/environment/path.dsv
-- Installing: /home/ubuntu/ros2_wsCAN/install/can_comm/share/can_comm/local_setup.bash
-- Installing: /home/ubuntu/ros2_wsCAN/install/can_comm/share/can_comm/local_setup.sh
-- Installing: /home/ubuntu/ros2_wsCAN/install/can_comm/share/can_comm/local_setup.zsh
-- Installing: /home/ubuntu/ros2_wsCAN/install/can_comm/share/can_comm/local_setup.dsv
-- Installing: /home/ubuntu/ros2_wsCAN/install/can_comm/share/can_comm/package.dsv
-- Installing: /home/ubuntu/ros2_wsCAN/install/can_comm/share/ament_index/resource_index/packages/can_comm
-- Installing: /home/ubuntu/ros2_wsCAN/install/can_comm/share/can_comm/cmake/can_commConfig.cmake
-- Installing: /home/ubuntu/ros2_wsCAN/install/can_comm/share/can_comm/cmake/can_commConfig-version.cmake
-- Installing: /home/ubuntu/ros2_wsCAN/install/can_comm/share/can_comm/package.xml
