[0.005s] Invoking command in '/home/ubuntu/ros2_wsCAN/build/can_comm': CMAKE_PREFIX_PATH=/home/ubuntu/ros2_ws/install/my_robot_controller:/opt/ros/humble /usr/bin/cmake /home/ubuntu/ros2_wsCAN/src/can_comm -DCMAKE_INSTALL_PREFIX=/home/ubuntu/ros2_wsCAN/install/can_comm
[0.086s] -- The C compiler identification is GNU 11.4.0
[0.117s] -- The CXX compiler identification is GNU 11.4.0
[0.123s] -- Detecting C compiler ABI info
[0.158s] -- Detecting C compiler ABI info - done
[0.161s] -- Check for working C compiler: /usr/bin/cc - skipped
[0.162s] -- Detecting C compile features
[0.162s] -- Detecting C compile features - done
[0.164s] -- Detecting CXX compiler ABI info
[0.196s] -- Detecting CXX compiler ABI info - done
[0.200s] -- Check for working CXX compiler: /usr/bin/c++ - skipped
[0.200s] -- Detecting CXX compile features
[0.200s] -- Detecting CXX compile features - done
[0.203s] -- Found ament_cmake: 1.3.10 (/opt/ros/humble/share/ament_cmake/cmake)
[0.270s] -- Found Python3: /usr/bin/python3 (found version "3.10.12") found components: Interpreter 
[0.319s] -- Found ament_lint_auto: 0.12.11 (/opt/ros/humble/share/ament_lint_auto/cmake)
[0.359s] -- Added test 'lint_cmake' to check CMake code style
[0.360s] -- Added test 'xmllint' to check XML markup files
[0.361s] -- Configuring done
[0.362s] -- Generating done
[0.363s] -- Build files have been written to: /home/ubuntu/ros2_wsCAN/build/can_comm
[0.365s] Invoked command in '/home/ubuntu/ros2_wsCAN/build/can_comm' returned '0': CMAKE_PREFIX_PATH=/home/ubuntu/ros2_ws/install/my_robot_controller:/opt/ros/humble /usr/bin/cmake /home/ubuntu/ros2_wsCAN/src/can_comm -DCMAKE_INSTALL_PREFIX=/home/ubuntu/ros2_wsCAN/install/can_comm
[0.366s] Invoking command in '/home/ubuntu/ros2_wsCAN/build/can_comm': CMAKE_PREFIX_PATH=/home/ubuntu/ros2_ws/install/my_robot_controller:/opt/ros/humble /usr/bin/cmake --build /home/ubuntu/ros2_wsCAN/build/can_comm -- -j5 -l5
[0.379s] Invoked command in '/home/ubuntu/ros2_wsCAN/build/can_comm' returned '0': CMAKE_PREFIX_PATH=/home/ubuntu/ros2_ws/install/my_robot_controller:/opt/ros/humble /usr/bin/cmake --build /home/ubuntu/ros2_wsCAN/build/can_comm -- -j5 -l5
[0.389s] Invoking command in '/home/ubuntu/ros2_wsCAN/build/can_comm': CMAKE_PREFIX_PATH=/home/ubuntu/ros2_ws/install/my_robot_controller:/opt/ros/humble /usr/bin/cmake --install /home/ubuntu/ros2_wsCAN/build/can_comm
[0.391s] -- Install configuration: ""
[0.391s] -- Installing: /home/ubuntu/ros2_wsCAN/install/can_comm/share/ament_index/resource_index/package_run_dependencies/can_comm
[0.391s] -- Installing: /home/ubuntu/ros2_wsCAN/install/can_comm/share/ament_index/resource_index/parent_prefix_path/can_comm
[0.391s] -- Installing: /home/ubuntu/ros2_wsCAN/install/can_comm/share/can_comm/environment/ament_prefix_path.sh
[0.391s] -- Installing: /home/ubuntu/ros2_wsCAN/install/can_comm/share/can_comm/environment/ament_prefix_path.dsv
[0.391s] -- Installing: /home/ubuntu/ros2_wsCAN/install/can_comm/share/can_comm/environment/path.sh
[0.392s] -- Installing: /home/ubuntu/ros2_wsCAN/install/can_comm/share/can_comm/environment/path.dsv
[0.392s] -- Installing: /home/ubuntu/ros2_wsCAN/install/can_comm/share/can_comm/local_setup.bash
[0.392s] -- Installing: /home/ubuntu/ros2_wsCAN/install/can_comm/share/can_comm/local_setup.sh
[0.392s] -- Installing: /home/ubuntu/ros2_wsCAN/install/can_comm/share/can_comm/local_setup.zsh
[0.392s] -- Installing: /home/ubuntu/ros2_wsCAN/install/can_comm/share/can_comm/local_setup.dsv
[0.392s] -- Installing: /home/ubuntu/ros2_wsCAN/install/can_comm/share/can_comm/package.dsv
[0.392s] -- Installing: /home/ubuntu/ros2_wsCAN/install/can_comm/share/ament_index/resource_index/packages/can_comm
[0.392s] -- Installing: /home/ubuntu/ros2_wsCAN/install/can_comm/share/can_comm/cmake/can_commConfig.cmake
[0.392s] -- Installing: /home/ubuntu/ros2_wsCAN/install/can_comm/share/can_comm/cmake/can_commConfig-version.cmake
[0.392s] -- Installing: /home/ubuntu/ros2_wsCAN/install/can_comm/share/can_comm/package.xml
[0.393s] Invoked command in '/home/ubuntu/ros2_wsCAN/build/can_comm' returned '0': CMAKE_PREFIX_PATH=/home/ubuntu/ros2_ws/install/my_robot_controller:/opt/ros/humble /usr/bin/cmake --install /home/ubuntu/ros2_wsCAN/build/can_comm
