[0.006s] Invoking command in '/home/ubuntu/ros2_wsCAN/build/can_comm': CMAKE_PREFIX_PATH=${CMAKE_PREFIX_PATH}:/home/ubuntu/ros2_ws/install/my_robot_controller:/opt/ros/humble /usr/bin/cmake --build /home/ubuntu/ros2_wsCAN/build/can_comm -- -j5 -l5
[0.024s] [35m[1mConsolidate compiler generated dependencies of target run_comm_node[0m
[0.032s] [ 50%] [32mBuilding CXX object CMakeFiles/run_comm_node.dir/src/can_comm.cpp.o[0m
[1.276s] [100%] [32m[1mLinking CXX executable run_comm_node[0m
[1.318s] [100%] Built target run_comm_node
[1.322s] Invoked command in '/home/ubuntu/ros2_wsCAN/build/can_comm' returned '0': CMAKE_PREFIX_PATH=${CMAKE_PREFIX_PATH}:/home/ubuntu/ros2_ws/install/my_robot_controller:/opt/ros/humble /usr/bin/cmake --build /home/ubuntu/ros2_wsCAN/build/can_comm -- -j5 -l5
[1.335s] Invoking command in '/home/ubuntu/ros2_wsCAN/build/can_comm': CMAKE_PREFIX_PATH=${CMAKE_PREFIX_PATH}:/home/ubuntu/ros2_ws/install/my_robot_controller:/opt/ros/humble /usr/bin/cmake --install /home/ubuntu/ros2_wsCAN/build/can_comm
[1.337s] -- Install configuration: ""
[1.337s] -- Installing: /home/ubuntu/ros2_wsCAN/install/can_comm/lib/can_comm/run_comm_node
[1.338s] -- Set runtime path of "/home/ubuntu/ros2_wsCAN/install/can_comm/lib/can_comm/run_comm_node" to ""
[1.338s] -- Up-to-date: /home/ubuntu/ros2_wsCAN/install/can_comm/share/ament_index/resource_index/package_run_dependencies/can_comm
[1.338s] -- Up-to-date: /home/ubuntu/ros2_wsCAN/install/can_comm/share/ament_index/resource_index/parent_prefix_path/can_comm
[1.338s] -- Up-to-date: /home/ubuntu/ros2_wsCAN/install/can_comm/share/can_comm/environment/ament_prefix_path.sh
[1.338s] -- Up-to-date: /home/ubuntu/ros2_wsCAN/install/can_comm/share/can_comm/environment/ament_prefix_path.dsv
[1.338s] -- Up-to-date: /home/ubuntu/ros2_wsCAN/install/can_comm/share/can_comm/environment/path.sh
[1.339s] -- Up-to-date: /home/ubuntu/ros2_wsCAN/install/can_comm/share/can_comm/environment/path.dsv
[1.339s] -- Up-to-date: /home/ubuntu/ros2_wsCAN/install/can_comm/share/can_comm/local_setup.bash
[1.339s] -- Up-to-date: /home/ubuntu/ros2_wsCAN/install/can_comm/share/can_comm/local_setup.sh
[1.339s] -- Up-to-date: /home/ubuntu/ros2_wsCAN/install/can_comm/share/can_comm/local_setup.zsh
[1.340s] -- Up-to-date: /home/ubuntu/ros2_wsCAN/install/can_comm/share/can_comm/local_setup.dsv
[1.340s] -- Installing: /home/ubuntu/ros2_wsCAN/install/can_comm/share/can_comm/package.dsv
[1.340s] -- Up-to-date: /home/ubuntu/ros2_wsCAN/install/can_comm/share/ament_index/resource_index/packages/can_comm
[1.341s] -- Up-to-date: /home/ubuntu/ros2_wsCAN/install/can_comm/share/can_comm/cmake/can_commConfig.cmake
[1.341s] -- Up-to-date: /home/ubuntu/ros2_wsCAN/install/can_comm/share/can_comm/cmake/can_commConfig-version.cmake
[1.341s] -- Up-to-date: /home/ubuntu/ros2_wsCAN/install/can_comm/share/can_comm/package.xml
[1.341s] Invoked command in '/home/ubuntu/ros2_wsCAN/build/can_comm' returned '0': CMAKE_PREFIX_PATH=${CMAKE_PREFIX_PATH}:/home/ubuntu/ros2_ws/install/my_robot_controller:/opt/ros/humble /usr/bin/cmake --install /home/ubuntu/ros2_wsCAN/build/can_comm
